<?xml version="1.0" encoding="UTF-8"?>
<!-- Generated by org.testng.reporters.JUnitReportReporter -->
<testsuite hostname="DESKTOP-UH2U4BQ" failures="0" tests="2" name="sauce.LoginTests" time="5.847" errors="0" timestamp="2025-05-21T10:37:47 IST" skipped="0">
  <testcase classname="sauce.LoginTests" name="validCred" time="2.528">
    <system-out>
      <![CDATA[TEST SCRIPT IS PASSED]]>
    </system-out>
  </testcase> <!-- validCred -->
  <testcase classname="sauce.LoginTests" name="InvalidUN" time="3.319">
    <system-out>
      <![CDATA[TEST SCRIPT IS PASSED]]>
    </system-out>
  </testcase> <!-- InvalidUN -->
  <system-out>
    <![CDATA[TEST SCRIPT IS PASSED
TEST SCRIPT IS PASSED
TEST SCRIPT IS PASSED]]>
  </system-out>
</testsuite> <!-- sauce.LoginTests -->
