<?xml version="1.0" encoding="UTF-8"?>
<!-- Generated by org.testng.reporters.JUnitReportReporter -->
<testsuite hostname="DESKTOP-UH2U4BQ" failures="0" tests="1" name="sauce.AddToCartTests" time="3.905" errors="0" timestamp="2025-05-21T11:07:05 IST" skipped="0">
  <testcase classname="sauce.AddToCartTests" name="checkBadge" time="3.905">
    <system-out>
      <![CDATA[TEST SCRIPT IS PASSED]]>
    </system-out>
  </testcase> <!-- checkBadge -->
  <system-out>
    <![CDATA[TEST SCRIPT IS PASSED
TEST SCRIPT IS PASSED
TEST SCRIPT IS PASSED]]>
  </system-out>
</testsuite> <!-- sauce.AddToCartTests -->
