<?xml version="1.0" encoding="UTF-8"?>
<!-- Generated by org.testng.reporters.JUnitReportReporter -->
<testsuite hostname="DESKTOP-UH2U4BQ" failures="0" tests="1" name="sauce.login.Login" time="18.940" errors="0" timestamp="2025-05-19T14:40:12 IST" skipped="0">
  <testcase classname="sauce.login.Login" name="login" time="18.940"/>
</testsuite> <!-- sauce.login.Login -->
