<?xml version="1.0" encoding="UTF-8"?>
<!-- Generated by org.testng.reporters.JUnitReportReporter -->
<testsuite hostname="DESKTOP-UH2U4BQ" failures="0" tests="2" name="sauce.base.testscripts.LoginTests" time="6.859" errors="0" timestamp="2025-05-21T11:26:11 IST" skipped="0">
  <testcase classname="sauce.base.testscripts.LoginTests" name="validCred" time="3.694">
    <system-out>
      <![CDATA[TEST SCRIPT IS PASSED]]>
    </system-out>
  </testcase> <!-- validCred -->
  <testcase classname="sauce.base.testscripts.LoginTests" name="InvalidUN" time="3.165">
    <system-out>
      <![CDATA[TEST SCRIPT IS PASSED]]>
    </system-out>
  </testcase> <!-- InvalidUN -->
  <system-out>
    <![CDATA[TEST SCRIPT IS PASSED
TEST SCRIPT IS PASSED
TEST SCRIPT IS PASSED]]>
  </system-out>
</testsuite> <!-- sauce.base.testscripts.LoginTests -->
